<?xml version="1.0" encoding="UTF-8"?>
<!-- Generated by org.testng.reporters.JUnitReportReporter -->
<testsuite skipped="0" hostname="G8N0CV16F227346" name="com.automatedtest.qa.TC001" tests="1" failures="0" timestamp="18 oct 2020 23:31:15 GMT" time="5.953" errors="0">
  <testcase name="TestCase001" time="5.953" classname="com.automatedtest.qa.TC001"/>
</testsuite> <!-- com.automatedtest.qa.TC001 -->
